<?xml version="1.0" encoding="UTF-8"?>
<testng-results ignored="0" total="3" passed="3" failed="0" skipped="0">
  <reporter-output>
  </reporter-output>
  <suite started-at="2025-08-14T16:16:09 IST" name="Suite" finished-at="2025-08-14T16:16:31 IST" duration-ms="22336">
    <groups>
    </groups>
    <test started-at="2025-08-14T16:16:09 IST" name="Test" finished-at="2025-08-14T16:16:31 IST" duration-ms="22336">
      <class name="com.mvn.AppTest">
        <test-method signature="testLogin1()[pri:0, instance:com.mvn.AppTest@6dc17b83]" started-at="2025-08-14T16:16:31 IST" name="testLogin1" finished-at="2025-08-14T16:16:31 IST" duration-ms="46" status="PASS">
          <reporter-output>
          </reporter-output>
        </test-method> <!-- testLogin1 -->
        <test-method signature="testLogin2()[pri:0, instance:com.mvn.AppTest@6dc17b83]" started-at="2025-08-14T16:16:31 IST" name="testLogin2" finished-at="2025-08-14T16:16:31 IST" duration-ms="2" status="PASS">
          <reporter-output>
          </reporter-output>
        </test-method> <!-- testLogin2 -->
      </class> <!-- com.mvn.AppTest -->
      <class name="com.mvn.TS_Login">
        <test-method signature="test_login()[pri:0, instance:com.mvn.TS_Login@14dd9eb7]" started-at="2025-08-14T16:16:09 IST" name="test_login" finished-at="2025-08-14T16:16:31 IST" duration-ms="22203" status="PASS">
          <reporter-output>
          </reporter-output>
        </test-method> <!-- test_login -->
      </class> <!-- com.mvn.TS_Login -->
    </test> <!-- Test -->
  </suite> <!-- Suite -->
</testng-results>
