<?xml version="1.0" encoding="UTF-8"?>
<testng-results ignored="0" total="1" passed="1" failed="0" skipped="0">
  <reporter-output>
  </reporter-output>
  <suite started-at="2025-08-13T22:29:04 IST" name="Default suite" finished-at="2025-08-13T22:29:08 IST" duration-ms="3718">
    <groups>
    </groups>
    <test started-at="2025-08-13T22:29:04 IST" name="Default test" finished-at="2025-08-13T22:29:08 IST" duration-ms="3718">
      <class name="com.testng.demo.TestngSample">
        <test-method is-config="true" signature="setUpDatabaseConnection()[pri:0, instance:com.testng.demo.TestngSample@40005471]" started-at="2025-08-13T22:29:04 IST" name="setUpDatabaseConnection" finished-at="2025-08-13T22:29:04 IST" duration-ms="20" status="PASS">
          <reporter-output>
          </reporter-output>
        </test-method> <!-- setUpDatabaseConnection -->
        <test-method is-config="true" signature="setUpEnvironment()[pri:0, instance:com.testng.demo.TestngSample@40005471]" started-at="2025-08-13T22:29:04 IST" name="setUpEnvironment" finished-at="2025-08-13T22:29:07 IST" duration-ms="2351" status="PASS">
          <reporter-output>
          </reporter-output>
        </test-method> <!-- setUpEnvironment -->
        <test-method is-config="true" signature="loginUser()[pri:0, instance:com.testng.demo.TestngSample@40005471]" started-at="2025-08-13T22:29:07 IST" name="loginUser" finished-at="2025-08-13T22:29:07 IST" duration-ms="448" status="PASS">
          <reporter-output>
          </reporter-output>
        </test-method> <!-- loginUser -->
        <test-method is-config="true" signature="clearCart()[pri:0, instance:com.testng.demo.TestngSample@40005471]" started-at="2025-08-13T22:29:07 IST" name="clearCart" finished-at="2025-08-13T22:29:07 IST" duration-ms="1" status="PASS">
          <reporter-output>
          </reporter-output>
        </test-method> <!-- clearCart -->
        <test-method signature="searchAndAddProduct()[pri:1, instance:com.testng.demo.TestngSample@40005471]" started-at="2025-08-13T22:29:07 IST" name="searchAndAddProduct" finished-at="2025-08-13T22:29:07 IST" duration-ms="142" status="PASS">
          <reporter-output>
          </reporter-output>
        </test-method> <!-- searchAndAddProduct -->
        <test-method is-config="true" signature="takeScreenshotIfFailed()[pri:0, instance:com.testng.demo.TestngSample@40005471]" started-at="2025-08-13T22:29:07 IST" name="takeScreenshotIfFailed" finished-at="2025-08-13T22:29:07 IST" duration-ms="1" status="PASS">
          <reporter-output>
          </reporter-output>
        </test-method> <!-- takeScreenshotIfFailed -->
        <test-method is-config="true" signature="logoutUser()[pri:0, instance:com.testng.demo.TestngSample@40005471]" started-at="2025-08-13T22:29:07 IST" name="logoutUser" finished-at="2025-08-13T22:29:08 IST" duration-ms="292" status="PASS">
          <reporter-output>
          </reporter-output>
        </test-method> <!-- logoutUser -->
        <test-method is-config="true" signature="closeBrowser()[pri:0, instance:com.testng.demo.TestngSample@40005471]" started-at="2025-08-13T22:29:08 IST" name="closeBrowser" finished-at="2025-08-13T22:29:08 IST" duration-ms="417" status="PASS">
          <reporter-output>
          </reporter-output>
        </test-method> <!-- closeBrowser -->
        <test-method is-config="true" signature="closeDatabaseConnection()[pri:0, instance:com.testng.demo.TestngSample@40005471]" started-at="2025-08-13T22:29:08 IST" name="closeDatabaseConnection" finished-at="2025-08-13T22:29:08 IST" duration-ms="1" status="PASS">
          <reporter-output>
          </reporter-output>
        </test-method> <!-- closeDatabaseConnection -->
      </class> <!-- com.testng.demo.TestngSample -->
    </test> <!-- Default test -->
  </suite> <!-- Default suite -->
</testng-results>
